<?xml version="1.0" encoding="UTF-8"?>
<!-- Generated by org.testng.reporters.JUnitReportReporter -->
<testsuite skipped="0" hostname="ip-172-31-93-140" name="in.amazon.testscripts.BuyMobilePhoneTest" tests="1" failures="0" timestamp="2021-12-06T04:48:21 UTC" time="6.942" errors="0">
  <testcase name="buyMobile" time="6.942" classname="in.amazon.testscripts.BuyMobilePhoneTest"/>
  <system-out/>
</testsuite> <!-- in.amazon.testscripts.BuyMobilePhoneTest -->
